<?xml version="1.0" encoding="UTF-8"?>
<testng-results ignored="0" total="7" passed="7" failed="0" skipped="0">
  <reporter-output>
  </reporter-output>
  <suite started-at="2023-04-13T00:34:01 IST" name="Default suite" finished-at="2023-04-13T00:34:47 IST" duration-ms="45860">
    <groups>
    </groups>
    <test started-at="2023-04-13T00:34:01 IST" name="Default test" finished-at="2023-04-13T00:34:47 IST" duration-ms="45860">
      <class name="com.training.sanity.tests.KarnatkaTest">
        <test-method is-config="true" signature="setUp()[pri:0, instance:com.training.sanity.tests.KarnatkaTest@2c767a52]" started-at="2023-04-13T00:34:01 IST" name="setUp" finished-at="2023-04-13T00:34:11 IST" duration-ms="10089" status="PASS">
          <reporter-output>
          </reporter-output>
        </test-method> <!-- setUp -->
        <test-method signature="tc1()[pri:0, instance:com.training.sanity.tests.KarnatkaTest@2c767a52]" started-at="2023-04-13T00:34:11 IST" name="tc1" finished-at="2023-04-13T00:34:16 IST" duration-ms="4419" status="PASS">
          <reporter-output>
          </reporter-output>
        </test-method> <!-- tc1 -->
        <test-method signature="tc2()[pri:0, instance:com.training.sanity.tests.KarnatkaTest@2c767a52]" started-at="2023-04-13T00:34:16 IST" name="tc2" finished-at="2023-04-13T00:34:19 IST" duration-ms="3575" status="PASS">
          <reporter-output>
          </reporter-output>
        </test-method> <!-- tc2 -->
        <test-method signature="tc3()[pri:0, instance:com.training.sanity.tests.KarnatkaTest@2c767a52]" started-at="2023-04-13T00:34:19 IST" name="tc3" finished-at="2023-04-13T00:34:23 IST" duration-ms="3908" status="PASS">
          <reporter-output>
          </reporter-output>
        </test-method> <!-- tc3 -->
        <test-method signature="tc4()[pri:0, instance:com.training.sanity.tests.KarnatkaTest@2c767a52]" started-at="2023-04-13T00:34:23 IST" name="tc4" finished-at="2023-04-13T00:34:27 IST" duration-ms="3983" status="PASS">
          <reporter-output>
          </reporter-output>
        </test-method> <!-- tc4 -->
        <test-method signature="tc5()[pri:0, instance:com.training.sanity.tests.KarnatkaTest@2c767a52]" started-at="2023-04-13T00:34:27 IST" name="tc5" finished-at="2023-04-13T00:34:33 IST" duration-ms="5495" status="PASS">
          <reporter-output>
          </reporter-output>
        </test-method> <!-- tc5 -->
        <test-method signature="tc6()[pri:0, instance:com.training.sanity.tests.KarnatkaTest@2c767a52]" started-at="2023-04-13T00:34:33 IST" name="tc6" finished-at="2023-04-13T00:34:43 IST" duration-ms="9955" status="PASS">
          <reporter-output>
          </reporter-output>
        </test-method> <!-- tc6 -->
        <test-method signature="tc7()[pri:0, instance:com.training.sanity.tests.KarnatkaTest@2c767a52]" started-at="2023-04-13T00:34:43 IST" name="tc7" finished-at="2023-04-13T00:34:47 IST" duration-ms="4380" status="PASS">
          <reporter-output>
          </reporter-output>
        </test-method> <!-- tc7 -->
      </class> <!-- com.training.sanity.tests.KarnatkaTest -->
    </test> <!-- Default test -->
  </suite> <!-- Default suite -->
</testng-results>
