<?xml version="1.0" encoding="UTF-8"?>
<!-- Generated by org.testng.reporters.JUnitXMLReporter -->
<testsuite ignored="0" hostname="LAPTOP-MVN1TR0E" failures="0" tests="7" name="Default test" time="45.86" errors="0" timestamp="2023-04-13T00:34:47 IST">
  <testcase classname="com.training.sanity.tests.KarnatkaTest" name="tc1" time="4.419"/>
  <testcase classname="com.training.sanity.tests.KarnatkaTest" name="tc2" time="3.575"/>
  <testcase classname="com.training.sanity.tests.KarnatkaTest" name="tc3" time="3.908"/>
  <testcase classname="com.training.sanity.tests.KarnatkaTest" name="tc4" time="3.983"/>
  <testcase classname="com.training.sanity.tests.KarnatkaTest" name="tc5" time="5.495"/>
  <testcase classname="com.training.sanity.tests.KarnatkaTest" name="tc6" time="9.955"/>
  <testcase classname="com.training.sanity.tests.KarnatkaTest" name="tc7" time="4.38"/>
</testsuite> <!-- Default test -->
